# JRE version: Java(TM) SE Runtime Environment (21.0.1+12) (build 21.0.1+12-LTS-29)
# Java VM: Java HotSpot(TM) 64-Bit Server VM (21.0.1+12-LTS-29, mixed mode, sharing, tiered, compressed oops, compressed class ptrs, g1 gc, bsd-aarch64)
Heap:
 garbage-first heap   total 133120K, used 30629K [0x0000000780000000, 0x0000000800000000)
  region size 1024K, 30 young (30720K), 5 survivors (5120K)
 Metaspace       used 11733K, committed 11968K, reserved 1114112K
  class space    used 1308K, committed 1408K, reserved 1048576K
GC Heap History (20 events):
Event: 35.379 GC heap before
{Heap before GC invocations=1 (full 0):
 garbage-first heap   total 133120K, used 45197K [0x0000000780000000, 0x0000000800000000)
  region size 1024K, 43 young (44032K), 3 survivors (3072K)
 Metaspace       used 11468K, committed 11712K, reserved 1114112K
  class space    used 1282K, committed 1408K, reserved 1048576K
}
Event: 35.385 GC heap after
{Heap after GC invocations=2 (full 0):
 garbage-first heap   total 133120K, used 5220K [0x0000000780000000, 0x0000000800000000)
  region size 1024K, 4 young (4096K), 4 survivors (4096K)
 Metaspace       used 11468K, committed 11712K, reserved 1114112K
  class space    used 1282K, committed 1408K, reserved 1048576K
}
Event: 80.786 GC heap before
{Heap before GC invocations=2 (full 0):
 garbage-first heap   total 133120K, used 78948K [0x0000000780000000, 0x0000000800000000)
  region size 1024K, 76 young (77824K), 4 survivors (4096K)
 Metaspace       used 11468K, committed 11712K, reserved 1114112K
  class space    used 1282K, committed 1408K, reserved 1048576K
}
Event: 80.794 GC heap after
{Heap after GC invocations=3 (full 0):
 garbage-first heap   total 133120K, used 5261K [0x0000000780000000, 0x0000000800000000)
  region size 1024K, 4 young (4096K), 4 survivors (4096K)
 Metaspace       used 11468K, committed 11712K, reserved 1114112K
  class space    used 1282K, committed 1408K, reserved 1048576K
}
Event: 126.864 GC heap before
{Heap before GC invocations=3 (full 0):
 garbage-first heap   total 133120K, used 78989K [0x0000000780000000, 0x0000000800000000)
  region size 1024K, 76 young (77824K), 4 survivors (4096K)
 Metaspace       used 11607K, committed 11840K, reserved 1114112K
  class space    used 1303K, committed 1408K, reserved 1048576K
}
Event: 126.872 GC heap after
{Heap after GC invocations=4 (full 0):
 garbage-first heap   total 133120K, used 5314K [0x0000000780000000, 0x0000000800000000)
  region size 1024K, 5 young (5120K), 5 survivors (5120K)
 Metaspace       used 11607K, committed 11840K, reserved 1114112K
  class space    used 1303K, committed 1408K, reserved 1048576K
}
Event: 173.228 GC heap before
{Heap before GC invocations=4 (full 0):
 garbage-first heap   total 133120K, used 78018K [0x0000000780000000, 0x0000000800000000)
  region size 1024K, 76 young (77824K), 5 survivors (5120K)
 Metaspace       used 11607K, committed 11840K, reserved 1114112K
  class space    used 1303K, committed 1408K, reserved 1048576K
}
Event: 173.235 GC heap after
{Heap after GC invocations=5 (full 0):
 garbage-first heap   total 133120K, used 5528K [0x0000000780000000, 0x0000000800000000)
  region size 1024K, 5 young (5120K), 5 survivors (5120K)
 Metaspace       used 11607K, committed 11840K, reserved 1114112K
  class space    used 1303K, committed 1408K, reserved 1048576K
}
Event: 219.587 GC heap before
{Heap before GC invocations=5 (full 0):
 garbage-first heap   total 133120K, used 78232K [0x0000000780000000, 0x0000000800000000)
  region size 1024K, 76 young (77824K), 5 survivors (5120K)
 Metaspace       used 11613K, committed 11840K, reserved 1114112K
  class space    used 1303K, committed 1408K, reserved 1048576K
}
Event: 219.593 GC heap after
{Heap after GC invocations=6 (full 0):
 garbage-first heap   total 133120K, used 5460K [0x0000000780000000, 0x0000000800000000)
  region size 1024K, 5 young (5120K), 5 survivors (5120K)
 Metaspace       used 11613K, committed 11840K, reserved 1114112K
  class space    used 1303K, committed 1408K, reserved 1048576K
}
Event: 265.973 GC heap before
{Heap before GC invocations=6 (full 0):
 garbage-first heap   total 133120K, used 78164K [0x0000000780000000, 0x0000000800000000)
  region size 1024K, 76 young (77824K), 5 survivors (5120K)
 Metaspace       used 11613K, committed 11840K, reserved 1114112K
  class space    used 1303K, committed 1408K, reserved 1048576K
}
Event: 265.980 GC heap after
{Heap after GC invocations=7 (full 0):
 garbage-first heap   total 133120K, used 5333K [0x0000000780000000, 0x0000000800000000)
  region size 1024K, 5 young (5120K), 5 survivors (5120K)
 Metaspace       used 11613K, committed 11840K, reserved 1114112K
  class space    used 1303K, committed 1408K, reserved 1048576K
}
Event: 313.694 GC heap before
{Heap before GC invocations=7 (full 0):
 garbage-first heap   total 133120K, used 78037K [0x0000000780000000, 0x0000000800000000)
  region size 1024K, 76 young (77824K), 5 survivors (5120K)
 Metaspace       used 11617K, committed 11840K, reserved 1114112K
  class space    used 1303K, committed 1408K, reserved 1048576K
}
Event: 313.708 GC heap after
{Heap after GC invocations=8 (full 0):
 garbage-first heap   total 133120K, used 5328K [0x0000000780000000, 0x0000000800000000)
  region size 1024K, 5 young (5120K), 5 survivors (5120K)
 Metaspace       used 11617K, committed 11840K, reserved 1114112K
  class space    used 1303K, committed 1408K, reserved 1048576K
}
Event: 401.863 GC heap before
{Heap before GC invocations=8 (full 0):
 garbage-first heap   total 133120K, used 78032K [0x0000000780000000, 0x0000000800000000)
  region size 1024K, 76 young (77824K), 5 survivors (5120K)
 Metaspace       used 11733K, committed 11968K, reserved 1114112K
  class space    used 1308K, committed 1408K, reserved 1048576K
}
Event: 401.877 GC heap after
{Heap after GC invocations=9 (full 0):
 garbage-first heap   total 133120K, used 5469K [0x0000000780000000, 0x0000000800000000)
  region size 1024K, 5 young (5120K), 5 survivors (5120K)
 Metaspace       used 11733K, committed 11968K, reserved 1114112K
  class space    used 1308K, committed 1408K, reserved 1048576K
}
Event: 799.062 GC heap before
{Heap before GC invocations=9 (full 0):
 garbage-first heap   total 133120K, used 78173K [0x0000000780000000, 0x0000000800000000)
  region size 1024K, 76 young (77824K), 5 survivors (5120K)
 Metaspace       used 11733K, committed 11968K, reserved 1114112K
  class space    used 1308K, committed 1408K, reserved 1048576K
}
Event: 799.078 GC heap after
{Heap after GC invocations=10 (full 0):
 garbage-first heap   total 133120K, used 5425K [0x0000000780000000, 0x0000000800000000)
  region size 1024K, 5 young (5120K), 5 survivors (5120K)
 Metaspace       used 11733K, committed 11968K, reserved 1114112K
  class space    used 1308K, committed 1408K, reserved 1048576K
}
Event: 1204.802 GC heap before
{Heap before GC invocations=10 (full 0):
 garbage-first heap   total 133120K, used 78129K [0x0000000780000000, 0x0000000800000000)
  region size 1024K, 76 young (77824K), 5 survivors (5120K)
 Metaspace       used 11733K, committed 11968K, reserved 1114112K
  class space    used 1308K, committed 1408K, reserved 1048576K
}
Event: 1204.820 GC heap after
{Heap after GC invocations=11 (full 0):
 garbage-first heap   total 133120K, used 5539K [0x0000000780000000, 0x0000000800000000)
  region size 1024K, 5 young (5120K), 5 survivors (5120K)
 Metaspace       used 11733K, committed 11968K, reserved 1114112K
  class space    used 1308K, committed 1408K, reserved 1048576K
}

